2022-05-24 11:25:27.326  INFO 79342 --- [restartedMain] c.e.s.SpringLoggingApplication           : Starting SpringLoggingApplication using Java 17.0.1 on gland.local with PID 79342 (/Users/mac/Desktop/LightWeightPro/SpringLogging/target/classes started by mac in /Users/mac/Desktop/LightWeightPro/SpringLogging)
2022-05-24 11:25:27.327 DEBUG 79342 --- [restartedMain] c.e.s.SpringLoggingApplication           : Running with Spring Boot v2.7.0, Spring v5.3.20
2022-05-24 11:25:27.328  INFO 79342 --- [restartedMain] c.e.s.SpringLoggingApplication           : No active profile set, falling back to 1 default profile: "default"
2022-05-24 11:25:27.484  INFO 79342 --- [restartedMain] .e.DevToolsPropertyDefaultsPostProcessor : Devtools property defaults active! Set 'spring.devtools.add-properties' to 'false' to disable
2022-05-24 11:25:27.485  INFO 79342 --- [restartedMain] .e.DevToolsPropertyDefaultsPostProcessor : For additional web related logging consider setting the 'logging.level.web' property to 'DEBUG'
2022-05-24 11:25:29.288  INFO 79342 --- [restartedMain] o.s.b.w.embedded.tomcat.TomcatWebServer  : Tomcat initialized with port(s): 3939 (http)
2022-05-24 11:25:29.319  INFO 79342 --- [restartedMain] o.apache.catalina.core.StandardService   : Starting service [Tomcat]
2022-05-24 11:25:29.320  INFO 79342 --- [restartedMain] org.apache.catalina.core.StandardEngine  : Starting Servlet engine: [Apache Tomcat/9.0.63]
2022-05-24 11:25:29.479  INFO 79342 --- [restartedMain] o.a.c.c.C.[Tomcat].[localhost].[/]       : Initializing Spring embedded WebApplicationContext
2022-05-24 11:25:29.480  INFO 79342 --- [restartedMain] w.s.c.ServletWebServerApplicationContext : Root WebApplicationContext: initialization completed in 1994 ms
2022-05-24 11:25:30.137  INFO 79342 --- [restartedMain] o.s.b.d.a.OptionalLiveReloadServer       : LiveReload server is running on port 35729
2022-05-24 11:25:30.188  INFO 79342 --- [restartedMain] o.s.b.w.embedded.tomcat.TomcatWebServer  : Tomcat started on port(s): 3939 (http) with context path ''
2022-05-24 11:25:30.202  INFO 79342 --- [restartedMain] c.e.s.SpringLoggingApplication           : Started SpringLoggingApplication in 3.629 seconds (JVM running for 9.986)
2022-05-24 11:25:52.924  INFO 79342 --- [http-nio-3939-exec-1] o.a.c.c.C.[Tomcat].[localhost].[/]       : Initializing Spring DispatcherServlet 'dispatcherServlet'
2022-05-24 11:25:52.926  INFO 79342 --- [http-nio-3939-exec-1] o.s.web.servlet.DispatcherServlet        : Initializing Servlet 'dispatcherServlet'
2022-05-24 11:25:52.937  INFO 79342 --- [http-nio-3939-exec-1] o.s.web.servlet.DispatcherServlet        : Completed initialization in 9 ms
2022-05-24 11:25:53.124  INFO 79342 --- [http-nio-3939-exec-1] c.e.s.controller.MessageController       : info Message
2022-05-24 11:25:53.125  WARN 79342 --- [http-nio-3939-exec-1] c.e.s.controller.MessageController       : warn Message
2022-05-24 11:25:53.126 ERROR 79342 --- [http-nio-3939-exec-1] c.e.s.controller.MessageController       : error Message
2022-05-24 11:25:53.128 DEBUG 79342 --- [http-nio-3939-exec-1] c.e.s.controller.MessageController       : debug Message
